<?xml version="1.0" encoding="UTF-8"?>
<testsuite xmlns:xsi="http://www.w3.org/2001/XMLSchema-instance" xsi:noNamespaceSchemaLocation="https://maven.apache.org/surefire/maven-surefire-plugin/xsd/surefire-test-report.xsd" name="com.Paras.serviceTest" time="0" tests="1" errors="0" skipped="0" failures="0">
  <properties>
    <property name="sun.desktop" value="windows"/>
    <property name="awt.toolkit" value="sun.awt.windows.WToolkit"/>
    <property name="java.specification.version" value="11"/>
    <property name="sun.cpu.isalist" value="amd64"/>
    <property name="sun.jnu.encoding" value="Cp1252"/>
    <property name="java.class.path" value="C:\Users\parasgoel\eclipse-workspace\projectmaven\target\test-classes;C:\Users\parasgoel\eclipse-workspace\projectmaven\target\classes;C:\Users\parasgoel\.m2\repository\javax\servlet\javax.servlet-api\3.0.1\javax.servlet-api-3.0.1.jar;C:\Users\parasgoel\.m2\repository\javax\javaee-api\7.0\javaee-api-7.0.jar;C:\Users\parasgoel\.m2\repository\com\sun\mail\javax.mail\1.5.0\javax.mail-1.5.0.jar;C:\Users\parasgoel\.m2\repository\javax\activation\activation\1.1\activation-1.1.jar;C:\Users\parasgoel\.m2\repository\javax\javaee-web-api\7.0\javaee-web-api-7.0.jar;C:\Users\parasgoel\.m2\repository\org\junit\jupiter\junit-jupiter-engine\5.4.0\junit-jupiter-engine-5.4.0.jar;C:\Users\parasgoel\.m2\repository\org\apiguardian\apiguardian-api\1.0.0\apiguardian-api-1.0.0.jar;C:\Users\parasgoel\.m2\repository\org\junit\platform\junit-platform-engine\1.4.0\junit-platform-engine-1.4.0.jar;C:\Users\parasgoel\.m2\repository\org\junit\jupiter\junit-jupiter-api\5.4.0\junit-jupiter-api-5.4.0.jar;C:\Users\parasgoel\.m2\repository\org\opentest4j\opentest4j\1.1.1\opentest4j-1.1.1.jar;C:\Users\parasgoel\.m2\repository\org\junit\platform\junit-platform-commons\1.4.0\junit-platform-commons-1.4.0.jar;C:\Users\parasgoel\.m2\repository\junit\junit\3.8.1\junit-3.8.1.jar;C:\Users\parasgoel\.m2\repository\org\springframework\spring-context\4.1.8.RELEASE\spring-context-4.1.8.RELEASE.jar;C:\Users\parasgoel\.m2\repository\org\springframework\spring-aop\4.1.8.RELEASE\spring-aop-4.1.8.RELEASE.jar;C:\Users\parasgoel\.m2\repository\aopalliance\aopalliance\1.0\aopalliance-1.0.jar;C:\Users\parasgoel\.m2\repository\org\springframework\spring-beans\4.1.8.RELEASE\spring-beans-4.1.8.RELEASE.jar;C:\Users\parasgoel\.m2\repository\org\springframework\spring-core\4.1.8.RELEASE\spring-core-4.1.8.RELEASE.jar;C:\Users\parasgoel\.m2\repository\commons-logging\commons-logging\1.2\commons-logging-1.2.jar;C:\Users\parasgoel\.m2\repository\org\springframework\spring-expression\4.1.8.RELEASE\spring-expression-4.1.8.RELEASE.jar;C:\Users\parasgoel\.m2\repository\org\springframework\spring-webmvc\4.1.8.RELEASE\spring-webmvc-4.1.8.RELEASE.jar;C:\Users\parasgoel\.m2\repository\org\springframework\spring-web\4.1.8.RELEASE\spring-web-4.1.8.RELEASE.jar;C:\Users\parasgoel\.m2\repository\javax\servlet\jstl\1.2\jstl-1.2.jar;"/>
    <property name="java.vm.vendor" value="Oracle Corporation"/>
    <property name="sun.arch.data.model" value="64"/>
    <property name="user.variant" value=""/>
    <property name="java.vendor.url" value="http://java.oracle.com/"/>
    <property name="user.timezone" value="Asia/Calcutta"/>
    <property name="java.vm.specification.version" value="11"/>
    <property name="os.name" value="Windows 10"/>
    <property name="sun.java.launcher" value="SUN_STANDARD"/>
    <property name="user.country" value="IN"/>
    <property name="sun.boot.library.path" value="C:\.Net &amp; Java Software\Open JKD -11\bin"/>
    <property name="sun.java.command" value="C:\Users\PARASG~1\AppData\Local\Temp\surefire10256327021159026454\surefirebooter7399076181920801243.jar C:\Users\parasgoel\AppData\Local\Temp\surefire10256327021159026454 2022-09-27T23-32-22_739-jvmRun1 surefire1057286203849219130tmp surefire_09678655818185039108tmp"/>
    <property name="jdk.debug" value="release"/>
    <property name="surefire.test.class.path" value="C:\Users\parasgoel\eclipse-workspace\projectmaven\target\test-classes;C:\Users\parasgoel\eclipse-workspace\projectmaven\target\classes;C:\Users\parasgoel\.m2\repository\javax\servlet\javax.servlet-api\3.0.1\javax.servlet-api-3.0.1.jar;C:\Users\parasgoel\.m2\repository\javax\javaee-api\7.0\javaee-api-7.0.jar;C:\Users\parasgoel\.m2\repository\com\sun\mail\javax.mail\1.5.0\javax.mail-1.5.0.jar;C:\Users\parasgoel\.m2\repository\javax\activation\activation\1.1\activation-1.1.jar;C:\Users\parasgoel\.m2\repository\javax\javaee-web-api\7.0\javaee-web-api-7.0.jar;C:\Users\parasgoel\.m2\repository\org\junit\jupiter\junit-jupiter-engine\5.4.0\junit-jupiter-engine-5.4.0.jar;C:\Users\parasgoel\.m2\repository\org\apiguardian\apiguardian-api\1.0.0\apiguardian-api-1.0.0.jar;C:\Users\parasgoel\.m2\repository\org\junit\platform\junit-platform-engine\1.4.0\junit-platform-engine-1.4.0.jar;C:\Users\parasgoel\.m2\repository\org\junit\jupiter\junit-jupiter-api\5.4.0\junit-jupiter-api-5.4.0.jar;C:\Users\parasgoel\.m2\repository\org\opentest4j\opentest4j\1.1.1\opentest4j-1.1.1.jar;C:\Users\parasgoel\.m2\repository\org\junit\platform\junit-platform-commons\1.4.0\junit-platform-commons-1.4.0.jar;C:\Users\parasgoel\.m2\repository\junit\junit\3.8.1\junit-3.8.1.jar;C:\Users\parasgoel\.m2\repository\org\springframework\spring-context\4.1.8.RELEASE\spring-context-4.1.8.RELEASE.jar;C:\Users\parasgoel\.m2\repository\org\springframework\spring-aop\4.1.8.RELEASE\spring-aop-4.1.8.RELEASE.jar;C:\Users\parasgoel\.m2\repository\aopalliance\aopalliance\1.0\aopalliance-1.0.jar;C:\Users\parasgoel\.m2\repository\org\springframework\spring-beans\4.1.8.RELEASE\spring-beans-4.1.8.RELEASE.jar;C:\Users\parasgoel\.m2\repository\org\springframework\spring-core\4.1.8.RELEASE\spring-core-4.1.8.RELEASE.jar;C:\Users\parasgoel\.m2\repository\commons-logging\commons-logging\1.2\commons-logging-1.2.jar;C:\Users\parasgoel\.m2\repository\org\springframework\spring-expression\4.1.8.RELEASE\spring-expression-4.1.8.RELEASE.jar;C:\Users\parasgoel\.m2\repository\org\springframework\spring-webmvc\4.1.8.RELEASE\spring-webmvc-4.1.8.RELEASE.jar;C:\Users\parasgoel\.m2\repository\org\springframework\spring-web\4.1.8.RELEASE\spring-web-4.1.8.RELEASE.jar;C:\Users\parasgoel\.m2\repository\javax\servlet\jstl\1.2\jstl-1.2.jar;"/>
    <property name="sun.cpu.endian" value="little"/>
    <property name="user.home" value="C:\Users\parasgoel"/>
    <property name="user.language" value="en"/>
    <property name="java.specification.vendor" value="Oracle Corporation"/>
    <property name="java.version.date" value="2018-10-16"/>
    <property name="java.home" value="C:\.Net &amp; Java Software\Open JKD -11"/>
    <property name="file.separator" value="\"/>
    <property name="basedir" value="C:\Users\parasgoel\eclipse-workspace\projectmaven"/>
    <property name="java.vm.compressedOopsMode" value="Zero based"/>
    <property name="line.separator" value="&#10;"/>
    <property name="java.specification.name" value="Java Platform API Specification"/>
    <property name="java.vm.specification.vendor" value="Oracle Corporation"/>
    <property name="java.awt.graphicsenv" value="sun.awt.Win32GraphicsEnvironment"/>
    <property name="surefire.real.class.path" value="C:\Users\PARASG~1\AppData\Local\Temp\surefire10256327021159026454\surefirebooter7399076181920801243.jar"/>
    <property name="user.script" value=""/>
    <property name="sun.management.compiler" value="HotSpot 64-Bit Tiered Compilers"/>
    <property name="java.runtime.version" value="11.0.1+13"/>
    <property name="user.name" value="parasgoel"/>
    <property name="path.separator" value=";"/>
    <property name="os.version" value="10.0"/>
    <property name="java.runtime.name" value="OpenJDK Runtime Environment"/>
    <property name="file.encoding" value="Cp1252"/>
    <property name="java.vm.name" value="OpenJDK 64-Bit Server VM"/>
    <property name="java.vendor.version" value="18.9"/>
    <property name="localRepository" value="C:\Users\parasgoel\.m2\repository"/>
    <property name="java.vendor.url.bug" value="http://bugreport.java.com/bugreport/"/>
    <property name="java.io.tmpdir" value="C:\Users\PARASG~1\AppData\Local\Temp\"/>
    <property name="java.version" value="11.0.1"/>
    <property name="user.dir" value="C:\Users\parasgoel\eclipse-workspace\projectmaven"/>
    <property name="os.arch" value="amd64"/>
    <property name="java.vm.specification.name" value="Java Virtual Machine Specification"/>
    <property name="java.awt.printerjob" value="sun.awt.windows.WPrinterJob"/>
    <property name="sun.os.patch.level" value=""/>
    <property name="java.library.path" value="C:\.Net &amp; Java Software\Open JKD -11\bin;C:\Windows\Sun\Java\bin;C:\Windows\system32;C:\Windows;C:\Windows\system32;C:\Windows;C:\Windows\System32\Wbem;C:\Windows\System32\WindowsPowerShell\v1.0\;C:\Windows\System32\OpenSSH\;C:\Program Files\TortoiseSVN\bin;C:\.Net &amp; Java Software\Open JKD -11\bin;C:\Program Files\Microsoft SQL Server\150\Tools\Binn\;C:\Program Files\Microsoft SQL Server\Client SDK\ODBC\170\Tools\Binn\;C:\Program Files\dotnet\;C:\Program Files\Git\cmd;C:\Program Files\nodejs\;C:\Program Files (x86)\Microsoft SQL Server\150\DTS\Binn\;C:\Program Files\Azure Data Studio\bin;C:\Program Files (x86)\Microsoft SQL Server\140\Tools\Binn\;C:\Program Files\Microsoft SQL Server\140\Tools\Binn\;C:\Program Files (x86)\Microsoft SQL Server\140\DTS\Binn\;C:\Program Files\Microsoft SQL Server\140\DTS\Binn\;C:\Program Files\Microsoft SQL Server\Client SDK\ODBC\130\Tools\Binn\;C:\Users\parasgoel\Maven\apache-maven-3.8.6\bin;C:\Users\parasgoel\terraform_1.2.7_windows_amd64;C:\Users\parasgoel\AppData\Local\Microsoft\WindowsApps;C:\Users\parasgoel\.dotnet\tools;C:\Users\parasgoel\AppData\Roaming\npm;C:\Users\parasgoel\AppData\Local\Programs\Microsoft VS Code\bin;C:\Program Files\Microsoft Visual Studio\2022\Community\Msbuild\Current\Bin;."/>
    <property name="java.vendor" value="Oracle Corporation"/>
    <property name="java.vm.info" value="mixed mode"/>
    <property name="java.vm.version" value="11.0.1+13"/>
    <property name="sun.io.unicode.encoding" value="UnicodeLittle"/>
    <property name="java.class.version" value="55.0"/>
  </properties>
  <testcase name="test" classname="com.Paras.serviceTest" time="0"/>
</testsuite>